              _             
             (_)            
   __ _ _ __  _ _ __   __ _ 
  / _` | '_ \| | '_ \ / _` |
 | (_| | | | | | | | | (_| |
  \__, |_| |_|_|_| |_|\__,_|
   __/ |                    
  |___/                     

gnina  master:fc5d7bb   Built Oct  4 2024.
gnina is based on smina and AutoDock Vina.
Please cite appropriately.

Commandline: gnina -r /scr/receptor_3ant.pdb -l /scr/ligand_3ant.sdf --autobox_ligand /scr/ligand_3ant.sdf --cnn_scoring refinement -o /scr/ligand_docked3ant.sdf --log /scr/result_3ant.log
Using random seed: 1746222671

mode |  affinity  |  intramol  |    CNN     |   CNN
     | (kcal/mol) | (kcal/mol) | pose score | affinity
-----+------------+------------+------------+----------
    1      -10.26       -0.37       0.9813      7.802
    2       -0.17       -0.26       0.8735      5.710
    3        0.00       -0.34       0.8625      5.705
    4        0.00       -0.16       0.8587      5.294
    5        0.00        0.72       0.8568      5.831
    6        0.00        0.05       0.8556      5.544
    7        0.00       -0.56       0.8545      5.655
    8       -0.07        0.93       0.8497      5.586
    9       -0.04        0.84       0.8465      5.239
